app/build/intermediates/manifest_merge_blame_file/debug/manifest-merger-blame-debug-report.txt
1<?xml version="1.0" encoding="utf-8"?>
2<manifest xmlns:android="http://schemas.android.com/apk/res/android"
3    package="com.armasconi.taskmaster"
4    android:versionCode="2"
5    android:versionName="2" >
6
7    <uses-sdk
8        android:minSdkVersion="24"
8-->src/main/AndroidManifest.xml
9        android:targetSdkVersion="32" />
9-->src/main/AndroidManifest.xml
10
11    <uses-permission android:name="android.permission.ACCESS_FINE_LOCATION" />
11-->src/main/AndroidManifest.xml:5:5-79
11-->src/main/AndroidManifest.xml:5:22-76
12    <uses-permission android:name="android.permission.ACCESS_COARSE_LOCATION" />
12-->src/main/AndroidManifest.xml:6:5-81
12-->src/main/AndroidManifest.xml:6:22-78
13    <uses-permission android:name="android.permission.INTERNET" /> <!-- Permission will be merged into the manifest of the hosting app. -->
13-->[com.amplifyframework:aws-api:2.0.0] AndroidManifest.xml:24:5-67
13-->[com.amplifyframework:aws-api:2.0.0] AndroidManifest.xml:24:22-64
14    <!-- Is required to launch foreground transfer service for targetSdkVersion 28+. -->
15    <uses-permission android:name="android.permission.FOREGROUND_SERVICE" />
15-->[com.amplifyframework:aws-storage-s3:2.0.0] AndroidManifest.xml:25:5-77
15-->[com.amplifyframework:aws-storage-s3:2.0.0] AndroidManifest.xml:25:22-74
16    <uses-permission android:name="android.permission.ACCESS_NETWORK_STATE" />
16-->[com.amplifyframework:aws-storage-s3:2.0.0] AndroidManifest.xml:26:5-79
16-->[com.amplifyframework:aws-storage-s3:2.0.0] AndroidManifest.xml:26:22-76
17
18    <queries>
18-->[com.amplifyframework:aws-auth-cognito:2.0.0] AndroidManifest.xml:24:5-33:15
19        <intent>
19-->[com.amplifyframework:aws-auth-cognito:2.0.0] AndroidManifest.xml:25:9-29:18
20            <action android:name="android.intent.action.VIEW" />
20-->[com.amplifyframework:aws-auth-cognito:2.0.0] AndroidManifest.xml:26:13-65
20-->[com.amplifyframework:aws-auth-cognito:2.0.0] AndroidManifest.xml:26:21-62
21
22            <data android:scheme="https" />
22-->[com.amplifyframework:aws-auth-cognito:2.0.0] AndroidManifest.xml:28:13-44
22-->[com.amplifyframework:aws-auth-cognito:2.0.0] AndroidManifest.xml:28:19-41
23        </intent>
24        <intent>
24-->[com.amplifyframework:aws-auth-cognito:2.0.0] AndroidManifest.xml:30:9-32:18
25            <action android:name="android.support.customtabs.action.CustomTabsService" />
25-->[com.amplifyframework:aws-auth-cognito:2.0.0] AndroidManifest.xml:31:13-90
25-->[com.amplifyframework:aws-auth-cognito:2.0.0] AndroidManifest.xml:31:21-87
26        </intent>
27    </queries>
28
29    <uses-permission android:name="android.permission.WAKE_LOCK" />
29-->[androidx.work:work-runtime:2.7.1] AndroidManifest.xml:25:5-68
29-->[androidx.work:work-runtime:2.7.1] AndroidManifest.xml:25:22-65
30    <uses-permission android:name="android.permission.RECEIVE_BOOT_COMPLETED" />
30-->[androidx.work:work-runtime:2.7.1] AndroidManifest.xml:27:5-81
30-->[androidx.work:work-runtime:2.7.1] AndroidManifest.xml:27:22-78
31
32    <application
32-->src/main/AndroidManifest.xml:8:5-95:19
33        android:name="com.armasconi.taskmaster.TaskMasterAmplifyApp"
33-->src/main/AndroidManifest.xml:9:9-45
34        android:allowBackup="true"
34-->src/main/AndroidManifest.xml:10:9-35
35        android:appComponentFactory="androidx.core.app.CoreComponentFactory"
35-->[androidx.core:core:1.8.0] AndroidManifest.xml:24:18-86
36        android:dataExtractionRules="@xml/data_extraction_rules"
36-->src/main/AndroidManifest.xml:11:9-65
37        android:debuggable="true"
38        android:extractNativeLibs="false"
39        android:fullBackupContent="@xml/backup_rules"
39-->src/main/AndroidManifest.xml:12:9-54
40        android:icon="@mipmap/ic_launcher"
40-->src/main/AndroidManifest.xml:13:9-43
41        android:label="@string/app_name"
41-->src/main/AndroidManifest.xml:14:9-41
42        android:roundIcon="@mipmap/ic_launcher_round"
42-->src/main/AndroidManifest.xml:15:9-54
43        android:supportsRtl="true"
43-->src/main/AndroidManifest.xml:16:9-35
44        android:testOnly="true"
45        android:theme="@style/Theme.Taskmaster" >
45-->src/main/AndroidManifest.xml:17:9-48
46        <activity
46-->src/main/AndroidManifest.xml:19:9-25:20
47            android:name="com.armasconi.taskmaster.Analytics_Activity"
47-->src/main/AndroidManifest.xml:20:13-47
48            android:exported="false" >
48-->src/main/AndroidManifest.xml:21:13-37
49            <meta-data
49-->src/main/AndroidManifest.xml:22:13-24:36
50                android:name="android.app.lib_name"
50-->src/main/AndroidManifest.xml:23:17-52
51                android:value="" />
51-->src/main/AndroidManifest.xml:24:17-33
52        </activity>
53        <activity
53-->src/main/AndroidManifest.xml:26:9-32:20
54            android:name="com.armasconi.taskmaster.activities.LocationActivity"
54-->src/main/AndroidManifest.xml:27:13-56
55            android:exported="false" >
55-->src/main/AndroidManifest.xml:28:13-37
56            <meta-data
56-->src/main/AndroidManifest.xml:22:13-24:36
57                android:name="android.app.lib_name"
57-->src/main/AndroidManifest.xml:23:17-52
58                android:value="" />
58-->src/main/AndroidManifest.xml:24:17-33
59        </activity>
60        <activity
60-->src/main/AndroidManifest.xml:33:9-39:20
61            android:name="com.armasconi.taskmaster.activities.UserProfileActivity"
61-->src/main/AndroidManifest.xml:34:13-59
62            android:exported="false" >
62-->src/main/AndroidManifest.xml:35:13-37
63            <meta-data
63-->src/main/AndroidManifest.xml:22:13-24:36
64                android:name="android.app.lib_name"
64-->src/main/AndroidManifest.xml:23:17-52
65                android:value="" />
65-->src/main/AndroidManifest.xml:24:17-33
66        </activity>
67        <activity
67-->src/main/AndroidManifest.xml:40:9-46:20
68            android:name="com.armasconi.taskmaster.activities.auth.SignIn_Activity"
68-->src/main/AndroidManifest.xml:41:13-60
69            android:exported="false" >
69-->src/main/AndroidManifest.xml:42:13-37
70            <meta-data
70-->src/main/AndroidManifest.xml:22:13-24:36
71                android:name="android.app.lib_name"
71-->src/main/AndroidManifest.xml:23:17-52
72                android:value="" />
72-->src/main/AndroidManifest.xml:24:17-33
73        </activity>
74        <activity
74-->src/main/AndroidManifest.xml:47:9-53:20
75            android:name="com.armasconi.taskmaster.activities.auth.SignUp_Activity"
75-->src/main/AndroidManifest.xml:48:13-60
76            android:exported="false" >
76-->src/main/AndroidManifest.xml:49:13-37
77            <meta-data
77-->src/main/AndroidManifest.xml:22:13-24:36
78                android:name="android.app.lib_name"
78-->src/main/AndroidManifest.xml:23:17-52
79                android:value="" />
79-->src/main/AndroidManifest.xml:24:17-33
80        </activity>
81        <activity
81-->src/main/AndroidManifest.xml:54:9-60:20
82            android:name="com.armasconi.taskmaster.activities.auth.VerifySignUp_Activity"
82-->src/main/AndroidManifest.xml:55:13-66
83            android:exported="false" >
83-->src/main/AndroidManifest.xml:56:13-37
84            <meta-data
84-->src/main/AndroidManifest.xml:22:13-24:36
85                android:name="android.app.lib_name"
85-->src/main/AndroidManifest.xml:23:17-52
86                android:value="" />
86-->src/main/AndroidManifest.xml:24:17-33
87        </activity>
88        <activity
88-->src/main/AndroidManifest.xml:61:9-67:20
89            android:name="com.armasconi.taskmaster.activities.MyTasksActivity"
89-->src/main/AndroidManifest.xml:62:13-55
90            android:exported="false" >
90-->src/main/AndroidManifest.xml:63:13-37
91            <meta-data
91-->src/main/AndroidManifest.xml:22:13-24:36
92                android:name="android.app.lib_name"
92-->src/main/AndroidManifest.xml:23:17-52
93                android:value="" />
93-->src/main/AndroidManifest.xml:24:17-33
94        </activity>
95        <activity
95-->src/main/AndroidManifest.xml:68:9-74:20
96            android:name="com.armasconi.taskmaster.activities.TaskDetails"
96-->src/main/AndroidManifest.xml:69:13-51
97            android:exported="false" >
97-->src/main/AndroidManifest.xml:70:13-37
98            <meta-data
98-->src/main/AndroidManifest.xml:22:13-24:36
99                android:name="android.app.lib_name"
99-->src/main/AndroidManifest.xml:23:17-52
100                android:value="" />
100-->src/main/AndroidManifest.xml:24:17-33
101        </activity>
102        <activity
102-->src/main/AndroidManifest.xml:75:9-81:20
103            android:name="com.armasconi.taskmaster.activities.AddTask"
103-->src/main/AndroidManifest.xml:76:13-47
104            android:exported="false" >
104-->src/main/AndroidManifest.xml:77:13-37
105            <meta-data
105-->src/main/AndroidManifest.xml:22:13-24:36
106                android:name="android.app.lib_name"
106-->src/main/AndroidManifest.xml:23:17-52
107                android:value="" />
107-->src/main/AndroidManifest.xml:24:17-33
108        </activity>
109        <activity
109-->src/main/AndroidManifest.xml:82:9-94:20
110            android:name="com.armasconi.taskmaster.activities.MainActivity"
110-->src/main/AndroidManifest.xml:83:13-52
111            android:exported="true" >
111-->src/main/AndroidManifest.xml:84:13-36
112            <intent-filter>
112-->src/main/AndroidManifest.xml:85:13-89:29
113                <action android:name="android.intent.action.MAIN" />
113-->src/main/AndroidManifest.xml:86:17-69
113-->src/main/AndroidManifest.xml:86:25-66
114
115                <category android:name="android.intent.category.LAUNCHER" />
115-->src/main/AndroidManifest.xml:88:17-77
115-->src/main/AndroidManifest.xml:88:27-74
116            </intent-filter>
117
118            <meta-data
118-->src/main/AndroidManifest.xml:22:13-24:36
119                android:name="android.app.lib_name"
119-->src/main/AndroidManifest.xml:23:17-52
120                android:value="" />
120-->src/main/AndroidManifest.xml:24:17-33
121        </activity>
122        <activity
122-->[com.amplifyframework:aws-auth-cognito:2.0.0] AndroidManifest.xml:36:9-40:75
123            android:name="com.amplifyframework.auth.cognito.activities.CustomTabsManagerActivity"
123-->[com.amplifyframework:aws-auth-cognito:2.0.0] AndroidManifest.xml:37:13-98
124            android:exported="false"
124-->[com.amplifyframework:aws-auth-cognito:2.0.0] AndroidManifest.xml:38:13-37
125            android:launchMode="singleTask"
125-->[com.amplifyframework:aws-auth-cognito:2.0.0] AndroidManifest.xml:39:13-44
126            android:theme="@android:style/Theme.Translucent.NoTitleBar" />
126-->[com.amplifyframework:aws-auth-cognito:2.0.0] AndroidManifest.xml:40:13-72
127        <activity
127-->[com.amplifyframework:core:2.0.0] AndroidManifest.xml:27:9-29:54
128            android:name="com.amplifyframework.devmenu.DeveloperMenuActivity"
128-->[com.amplifyframework:core:2.0.0] AndroidManifest.xml:28:13-78
129            android:theme="@style/OverlayActivity" />
129-->[com.amplifyframework:core:2.0.0] AndroidManifest.xml:29:13-51
130        <activity
130-->[com.google.android.gms:play-services-base:18.1.0] AndroidManifest.xml:20:9-22:45
131            android:name="com.google.android.gms.common.api.GoogleApiActivity"
131-->[com.google.android.gms:play-services-base:18.1.0] AndroidManifest.xml:20:19-85
132            android:exported="false"
132-->[com.google.android.gms:play-services-base:18.1.0] AndroidManifest.xml:22:19-43
133            android:theme="@android:style/Theme.Translucent.NoTitleBar" />
133-->[com.google.android.gms:play-services-base:18.1.0] AndroidManifest.xml:21:19-78
134
135        <meta-data
135-->[com.google.android.gms:play-services-basement:18.1.0] AndroidManifest.xml:21:9-23:69
136            android:name="com.google.android.gms.version"
136-->[com.google.android.gms:play-services-basement:18.1.0] AndroidManifest.xml:22:13-58
137            android:value="@integer/google_play_services_version" />
137-->[com.google.android.gms:play-services-basement:18.1.0] AndroidManifest.xml:23:13-66
138
139        <provider
139-->[androidx.emoji2:emoji2:1.2.0] AndroidManifest.xml:24:9-32:20
140            android:name="androidx.startup.InitializationProvider"
140-->[androidx.emoji2:emoji2:1.2.0] AndroidManifest.xml:25:13-67
141            android:authorities="com.armasconi.taskmaster.androidx-startup"
141-->[androidx.emoji2:emoji2:1.2.0] AndroidManifest.xml:26:13-68
142            android:exported="false" >
142-->[androidx.emoji2:emoji2:1.2.0] AndroidManifest.xml:27:13-37
143            <meta-data
143-->[androidx.emoji2:emoji2:1.2.0] AndroidManifest.xml:29:13-31:52
144                android:name="androidx.emoji2.text.EmojiCompatInitializer"
144-->[androidx.emoji2:emoji2:1.2.0] AndroidManifest.xml:30:17-75
145                android:value="androidx.startup" />
145-->[androidx.emoji2:emoji2:1.2.0] AndroidManifest.xml:31:17-49
146            <meta-data
146-->[androidx.work:work-runtime:2.7.1] AndroidManifest.xml:36:13-38:52
147                android:name="androidx.work.WorkManagerInitializer"
147-->[androidx.work:work-runtime:2.7.1] AndroidManifest.xml:37:17-68
148                android:value="androidx.startup" />
148-->[androidx.work:work-runtime:2.7.1] AndroidManifest.xml:38:17-49
149            <meta-data
149-->[androidx.lifecycle:lifecycle-process:2.4.1] AndroidManifest.xml:31:13-33:52
150                android:name="androidx.lifecycle.ProcessLifecycleInitializer"
150-->[androidx.lifecycle:lifecycle-process:2.4.1] AndroidManifest.xml:32:17-78
151                android:value="androidx.startup" />
151-->[androidx.lifecycle:lifecycle-process:2.4.1] AndroidManifest.xml:33:17-49
152        </provider>
153
154        <activity
154-->[com.amazonaws:aws-android-sdk-pinpoint:2.57.0] AndroidManifest.xml:13:9-17:72
155            android:name="com.amazonaws.mobileconnectors.pinpoint.targeting.notification.PinpointNotificationActivity"
155-->[com.amazonaws:aws-android-sdk-pinpoint:2.57.0] AndroidManifest.xml:14:13-119
156            android:exported="false"
156-->[com.amazonaws:aws-android-sdk-pinpoint:2.57.0] AndroidManifest.xml:15:13-37
157            android:launchMode="singleInstance"
157-->[com.amazonaws:aws-android-sdk-pinpoint:2.57.0] AndroidManifest.xml:16:13-48
158            android:theme="@style/PinpointNotificationActivityTheme" />
158-->[com.amazonaws:aws-android-sdk-pinpoint:2.57.0] AndroidManifest.xml:17:13-69
159
160        <service
160-->[androidx.work:work-runtime:2.7.1] AndroidManifest.xml:41:9-46:35
161            android:name="androidx.work.impl.background.systemalarm.SystemAlarmService"
161-->[androidx.work:work-runtime:2.7.1] AndroidManifest.xml:42:13-88
162            android:directBootAware="false"
162-->[androidx.work:work-runtime:2.7.1] AndroidManifest.xml:43:13-44
163            android:enabled="@bool/enable_system_alarm_service_default"
163-->[androidx.work:work-runtime:2.7.1] AndroidManifest.xml:44:13-72
164            android:exported="false" />
164-->[androidx.work:work-runtime:2.7.1] AndroidManifest.xml:45:13-37
165        <service
165-->[androidx.work:work-runtime:2.7.1] AndroidManifest.xml:47:9-53:35
166            android:name="androidx.work.impl.background.systemjob.SystemJobService"
166-->[androidx.work:work-runtime:2.7.1] AndroidManifest.xml:48:13-84
167            android:directBootAware="false"
167-->[androidx.work:work-runtime:2.7.1] AndroidManifest.xml:49:13-44
168            android:enabled="@bool/enable_system_job_service_default"
168-->[androidx.work:work-runtime:2.7.1] AndroidManifest.xml:50:13-70
169            android:exported="true"
169-->[androidx.work:work-runtime:2.7.1] AndroidManifest.xml:51:13-36
170            android:permission="android.permission.BIND_JOB_SERVICE" />
170-->[androidx.work:work-runtime:2.7.1] AndroidManifest.xml:52:13-69
171        <service
171-->[androidx.work:work-runtime:2.7.1] AndroidManifest.xml:54:9-59:35
172            android:name="androidx.work.impl.foreground.SystemForegroundService"
172-->[androidx.work:work-runtime:2.7.1] AndroidManifest.xml:55:13-81
173            android:directBootAware="false"
173-->[androidx.work:work-runtime:2.7.1] AndroidManifest.xml:56:13-44
174            android:enabled="@bool/enable_system_foreground_service_default"
174-->[androidx.work:work-runtime:2.7.1] AndroidManifest.xml:57:13-77
175            android:exported="false" />
175-->[androidx.work:work-runtime:2.7.1] AndroidManifest.xml:58:13-37
176
177        <receiver
177-->[androidx.work:work-runtime:2.7.1] AndroidManifest.xml:61:9-66:35
178            android:name="androidx.work.impl.utils.ForceStopRunnable$BroadcastReceiver"
178-->[androidx.work:work-runtime:2.7.1] AndroidManifest.xml:62:13-88
179            android:directBootAware="false"
179-->[androidx.work:work-runtime:2.7.1] AndroidManifest.xml:63:13-44
180            android:enabled="true"
180-->[androidx.work:work-runtime:2.7.1] AndroidManifest.xml:64:13-35
181            android:exported="false" />
181-->[androidx.work:work-runtime:2.7.1] AndroidManifest.xml:65:13-37
182        <receiver
182-->[androidx.work:work-runtime:2.7.1] AndroidManifest.xml:67:9-77:20
183            android:name="androidx.work.impl.background.systemalarm.ConstraintProxy$BatteryChargingProxy"
183-->[androidx.work:work-runtime:2.7.1] AndroidManifest.xml:68:13-106
184            android:directBootAware="false"
184-->[androidx.work:work-runtime:2.7.1] AndroidManifest.xml:69:13-44
185            android:enabled="false"
185-->[androidx.work:work-runtime:2.7.1] AndroidManifest.xml:70:13-36
186            android:exported="false" >
186-->[androidx.work:work-runtime:2.7.1] AndroidManifest.xml:71:13-37
187            <intent-filter>
187-->[androidx.work:work-runtime:2.7.1] AndroidManifest.xml:73:13-76:29
188                <action android:name="android.intent.action.ACTION_POWER_CONNECTED" />
188-->[androidx.work:work-runtime:2.7.1] AndroidManifest.xml:74:17-87
188-->[androidx.work:work-runtime:2.7.1] AndroidManifest.xml:74:25-84
189                <action android:name="android.intent.action.ACTION_POWER_DISCONNECTED" />
189-->[androidx.work:work-runtime:2.7.1] AndroidManifest.xml:75:17-90
189-->[androidx.work:work-runtime:2.7.1] AndroidManifest.xml:75:25-87
190            </intent-filter>
191        </receiver>
192        <receiver
192-->[androidx.work:work-runtime:2.7.1] AndroidManifest.xml:78:9-88:20
193            android:name="androidx.work.impl.background.systemalarm.ConstraintProxy$BatteryNotLowProxy"
193-->[androidx.work:work-runtime:2.7.1] AndroidManifest.xml:79:13-104
194            android:directBootAware="false"
194-->[androidx.work:work-runtime:2.7.1] AndroidManifest.xml:80:13-44
195            android:enabled="false"
195-->[androidx.work:work-runtime:2.7.1] AndroidManifest.xml:81:13-36
196            android:exported="false" >
196-->[androidx.work:work-runtime:2.7.1] AndroidManifest.xml:82:13-37
197            <intent-filter>
197-->[androidx.work:work-runtime:2.7.1] AndroidManifest.xml:84:13-87:29
198                <action android:name="android.intent.action.BATTERY_OKAY" />
198-->[androidx.work:work-runtime:2.7.1] AndroidManifest.xml:85:17-77
198-->[androidx.work:work-runtime:2.7.1] AndroidManifest.xml:85:25-74
199                <action android:name="android.intent.action.BATTERY_LOW" />
199-->[androidx.work:work-runtime:2.7.1] AndroidManifest.xml:86:17-76
199-->[androidx.work:work-runtime:2.7.1] AndroidManifest.xml:86:25-73
200            </intent-filter>
201        </receiver>
202        <receiver
202-->[androidx.work:work-runtime:2.7.1] AndroidManifest.xml:89:9-99:20
203            android:name="androidx.work.impl.background.systemalarm.ConstraintProxy$StorageNotLowProxy"
203-->[androidx.work:work-runtime:2.7.1] AndroidManifest.xml:90:13-104
204            android:directBootAware="false"
204-->[androidx.work:work-runtime:2.7.1] AndroidManifest.xml:91:13-44
205            android:enabled="false"
205-->[androidx.work:work-runtime:2.7.1] AndroidManifest.xml:92:13-36
206            android:exported="false" >
206-->[androidx.work:work-runtime:2.7.1] AndroidManifest.xml:93:13-37
207            <intent-filter>
207-->[androidx.work:work-runtime:2.7.1] AndroidManifest.xml:95:13-98:29
208                <action android:name="android.intent.action.DEVICE_STORAGE_LOW" />
208-->[androidx.work:work-runtime:2.7.1] AndroidManifest.xml:96:17-83
208-->[androidx.work:work-runtime:2.7.1] AndroidManifest.xml:96:25-80
209                <action android:name="android.intent.action.DEVICE_STORAGE_OK" />
209-->[androidx.work:work-runtime:2.7.1] AndroidManifest.xml:97:17-82
209-->[androidx.work:work-runtime:2.7.1] AndroidManifest.xml:97:25-79
210            </intent-filter>
211        </receiver>
212        <receiver
212-->[androidx.work:work-runtime:2.7.1] AndroidManifest.xml:100:9-109:20
213            android:name="androidx.work.impl.background.systemalarm.ConstraintProxy$NetworkStateProxy"
213-->[androidx.work:work-runtime:2.7.1] AndroidManifest.xml:101:13-103
214            android:directBootAware="false"
214-->[androidx.work:work-runtime:2.7.1] AndroidManifest.xml:102:13-44
215            android:enabled="false"
215-->[androidx.work:work-runtime:2.7.1] AndroidManifest.xml:103:13-36
216            android:exported="false" >
216-->[androidx.work:work-runtime:2.7.1] AndroidManifest.xml:104:13-37
217            <intent-filter>
217-->[androidx.work:work-runtime:2.7.1] AndroidManifest.xml:106:13-108:29
218                <action android:name="android.net.conn.CONNECTIVITY_CHANGE" />
218-->[androidx.work:work-runtime:2.7.1] AndroidManifest.xml:107:17-79
218-->[androidx.work:work-runtime:2.7.1] AndroidManifest.xml:107:25-76
219            </intent-filter>
220        </receiver>
221        <receiver
221-->[androidx.work:work-runtime:2.7.1] AndroidManifest.xml:110:9-121:20
222            android:name="androidx.work.impl.background.systemalarm.RescheduleReceiver"
222-->[androidx.work:work-runtime:2.7.1] AndroidManifest.xml:111:13-88
223            android:directBootAware="false"
223-->[androidx.work:work-runtime:2.7.1] AndroidManifest.xml:112:13-44
224            android:enabled="false"
224-->[androidx.work:work-runtime:2.7.1] AndroidManifest.xml:113:13-36
225            android:exported="false" >
225-->[androidx.work:work-runtime:2.7.1] AndroidManifest.xml:114:13-37
226            <intent-filter>
226-->[androidx.work:work-runtime:2.7.1] AndroidManifest.xml:116:13-120:29
227                <action android:name="android.intent.action.BOOT_COMPLETED" />
227-->[androidx.work:work-runtime:2.7.1] AndroidManifest.xml:117:17-79
227-->[androidx.work:work-runtime:2.7.1] AndroidManifest.xml:117:25-76
228                <action android:name="android.intent.action.TIME_SET" />
228-->[androidx.work:work-runtime:2.7.1] AndroidManifest.xml:118:17-73
228-->[androidx.work:work-runtime:2.7.1] AndroidManifest.xml:118:25-70
229                <action android:name="android.intent.action.TIMEZONE_CHANGED" />
229-->[androidx.work:work-runtime:2.7.1] AndroidManifest.xml:119:17-81
229-->[androidx.work:work-runtime:2.7.1] AndroidManifest.xml:119:25-78
230            </intent-filter>
231        </receiver>
232        <receiver
232-->[androidx.work:work-runtime:2.7.1] AndroidManifest.xml:122:9-131:20
233            android:name="androidx.work.impl.background.systemalarm.ConstraintProxyUpdateReceiver"
233-->[androidx.work:work-runtime:2.7.1] AndroidManifest.xml:123:13-99
234            android:directBootAware="false"
234-->[androidx.work:work-runtime:2.7.1] AndroidManifest.xml:124:13-44
235            android:enabled="@bool/enable_system_alarm_service_default"
235-->[androidx.work:work-runtime:2.7.1] AndroidManifest.xml:125:13-72
236            android:exported="false" >
236-->[androidx.work:work-runtime:2.7.1] AndroidManifest.xml:126:13-37
237            <intent-filter>
237-->[androidx.work:work-runtime:2.7.1] AndroidManifest.xml:128:13-130:29
238                <action android:name="androidx.work.impl.background.systemalarm.UpdateProxies" />
238-->[androidx.work:work-runtime:2.7.1] AndroidManifest.xml:129:17-98
238-->[androidx.work:work-runtime:2.7.1] AndroidManifest.xml:129:25-95
239            </intent-filter>
240        </receiver>
241        <receiver
241-->[androidx.work:work-runtime:2.7.1] AndroidManifest.xml:132:9-142:20
242            android:name="androidx.work.impl.diagnostics.DiagnosticsReceiver"
242-->[androidx.work:work-runtime:2.7.1] AndroidManifest.xml:133:13-78
243            android:directBootAware="false"
243-->[androidx.work:work-runtime:2.7.1] AndroidManifest.xml:134:13-44
244            android:enabled="true"
244-->[androidx.work:work-runtime:2.7.1] AndroidManifest.xml:135:13-35
245            android:exported="true"
245-->[androidx.work:work-runtime:2.7.1] AndroidManifest.xml:136:13-36
246            android:permission="android.permission.DUMP" >
246-->[androidx.work:work-runtime:2.7.1] AndroidManifest.xml:137:13-57
247            <intent-filter>
247-->[androidx.work:work-runtime:2.7.1] AndroidManifest.xml:139:13-141:29
248                <action android:name="androidx.work.diagnostics.REQUEST_DIAGNOSTICS" />
248-->[androidx.work:work-runtime:2.7.1] AndroidManifest.xml:140:17-88
248-->[androidx.work:work-runtime:2.7.1] AndroidManifest.xml:140:25-85
249            </intent-filter>
250        </receiver>
251
252        <service
252-->[androidx.room:room-runtime:2.2.5] AndroidManifest.xml:25:9-28:40
253            android:name="androidx.room.MultiInstanceInvalidationService"
253-->[androidx.room:room-runtime:2.2.5] AndroidManifest.xml:26:13-74
254            android:directBootAware="true"
254-->[androidx.room:room-runtime:2.2.5] AndroidManifest.xml:27:13-43
255            android:exported="false" />
255-->[androidx.room:room-runtime:2.2.5] AndroidManifest.xml:28:13-37
256
257        <uses-library
257-->[com.amazonaws:aws-android-sdk-core:2.57.0] AndroidManifest.xml:11:9-13:40
258            android:name="org.apache.http.legacy"
258-->[com.amazonaws:aws-android-sdk-core:2.57.0] AndroidManifest.xml:12:13-50
259            android:required="false" /> <!-- The activities will be merged into the manifest of the hosting app. -->
259-->[com.amazonaws:aws-android-sdk-core:2.57.0] AndroidManifest.xml:13:13-37
260        <activity
260-->[com.google.android.play:core:1.9.1] AndroidManifest.xml:12:5-271
261            android:name="com.google.android.play.core.missingsplits.PlayCoreMissingSplitsActivity"
261-->[com.google.android.play:core:1.9.1] AndroidManifest.xml:12:15-102
262            android:enabled="false"
262-->[com.google.android.play:core:1.9.1] AndroidManifest.xml:12:103-126
263            android:exported="false"
263-->[com.google.android.play:core:1.9.1] AndroidManifest.xml:12:127-151
264            android:launchMode="singleInstance"
264-->[com.google.android.play:core:1.9.1] AndroidManifest.xml:12:204-239
265            android:process=":playcore_missing_splits_activity"
265-->[com.google.android.play:core:1.9.1] AndroidManifest.xml:12:152-203
266            android:stateNotNeeded="true" />
266-->[com.google.android.play:core:1.9.1] AndroidManifest.xml:12:240-269
267        <activity
267-->[com.google.android.play:core:1.9.1] AndroidManifest.xml:13:5-226
268            android:name="com.google.android.play.core.common.PlayCoreDialogWrapperActivity"
268-->[com.google.android.play:core:1.9.1] AndroidManifest.xml:13:15-95
269            android:enabled="false"
269-->[com.google.android.play:core:1.9.1] AndroidManifest.xml:13:96-119
270            android:exported="false"
270-->[com.google.android.play:core:1.9.1] AndroidManifest.xml:13:120-144
271            android:stateNotNeeded="true"
271-->[com.google.android.play:core:1.9.1] AndroidManifest.xml:13:145-174
272            android:theme="@style/Theme.PlayCore.Transparent" /> <!-- The services will be merged into the manifest of the hosting app. -->
272-->[com.google.android.play:core:1.9.1] AndroidManifest.xml:13:175-224
273        <service
273-->[com.google.android.play:core:1.9.1] AndroidManifest.xml:16:5-18:15
274            android:name="com.google.android.play.core.assetpacks.AssetPackExtractionService"
274-->[com.google.android.play:core:1.9.1] AndroidManifest.xml:16:14-95
275            android:enabled="false"
275-->[com.google.android.play:core:1.9.1] AndroidManifest.xml:16:96-119
276            android:exported="true" >
276-->[com.google.android.play:core:1.9.1] AndroidManifest.xml:16:120-143
277            <meta-data
277-->[com.google.android.play:core:1.9.1] AndroidManifest.xml:17:7-108
278                android:name="com.google.android.play.core.assetpacks.versionCode"
278-->[com.google.android.play:core:1.9.1] AndroidManifest.xml:17:18-84
279                android:value="10901" />
279-->[com.google.android.play:core:1.9.1] AndroidManifest.xml:17:85-106
280        </service>
281        <service
281-->[com.google.android.play:core:1.9.1] AndroidManifest.xml:19:5-147
282            android:name="com.google.android.play.core.assetpacks.ExtractionForegroundService"
282-->[com.google.android.play:core:1.9.1] AndroidManifest.xml:19:14-96
283            android:enabled="false"
283-->[com.google.android.play:core:1.9.1] AndroidManifest.xml:19:97-120
284            android:exported="false" />
284-->[com.google.android.play:core:1.9.1] AndroidManifest.xml:19:121-145
285    </application>
286
287</manifest>